This file contains any messages produced by compilers while
running configure, to aid debugging if configure makes a mistake.

It was created by sqt configure 0.1, which was
generated by GNU Autoconf 2.69.  Invocation command line was

  $ ./configure --prefix=/home/michael/Codes

## --------- ##
## Platform. ##
## --------- ##

hostname = michael
uname -m = x86_64
uname -r = 4.4.301
uname -s = Linux
uname -v = #1 SMP Mon Jan 31 20:27:28 CST 2022

/usr/bin/uname -p = Intel(R) Core(TM) i3-3120M CPU @ 2.50GHz
/bin/uname -X     = unknown

/bin/arch              = x86_64
/usr/bin/arch -k       = unknown
/usr/convex/getsysinfo = unknown
/usr/bin/hostinfo      = unknown
/bin/machine           = unknown
/usr/bin/oslevel       = unknown
/bin/universe          = unknown

PATH: /usr/local/texlive/2016/bin/x86_64-linux
PATH: /home/michael/bin
PATH: /opt/firefox
PATH: /home/michael/.scripts
PATH: /home/michael/Codes/bin
PATH: /opt/bin
PATH: /usr/local/bin
PATH: /usr/bin
PATH: /bin
PATH: /usr/games
PATH: /usr/lib64/kde4/libexec
PATH: /usr/lib64/libreoffice/program
PATH: /usr/lib64/openjdk7/bin
PATH: /usr/lib64/openjdk7/jre/bin
PATH: /usr/lib64/openjdk8/bin
PATH: /usr/lib64/openjdk8/jre/bin
PATH: /usr/lib64/qt/bin
PATH: /usr/lib64/qt5/bin
PATH: /opt/texlive/bin/x86_64-linux
PATH: .


## ----------- ##
## Core tests. ##
## ----------- ##

configure:2332: checking for a BSD-compatible install
configure:2400: result: /usr/bin/ginstall -c
configure:2411: checking whether build environment is sane
configure:2466: result: yes
configure:2617: checking for a thread-safe mkdir -p
configure:2656: result: /usr/bin/mkdir -p
configure:2663: checking for gawk
configure:2679: found /usr/bin/gawk
configure:2690: result: gawk
configure:2701: checking whether make sets $(MAKE)
configure:2723: result: yes
configure:2752: checking whether make supports nested variables
configure:2769: result: yes
configure:2957: checking build system type
configure:2971: result: x86_64-unknown-linux-gnu
configure:2991: checking host system type
configure:3004: result: x86_64-unknown-linux-gnu
configure:3045: checking how to print strings
configure:3072: result: printf
configure:3105: checking for style of include used by make
configure:3133: result: GNU
configure:3204: checking for gcc
configure:3220: found /usr/bin/gcc
configure:3231: result: gcc
configure:3460: checking for C compiler version
configure:3469: gcc --version >&5
gcc (GCC) 5.5.0
Copyright (C) 2015 Free Software Foundation, Inc.
This is free software; see the source for copying conditions.  There is NO
warranty; not even for MERCHANTABILITY or FITNESS FOR A PARTICULAR PURPOSE.

configure:3480: $? = 0
configure:3469: gcc -v >&5
Reading specs from /usr/lib64/gcc/x86_64-slackware-linux/5.5.0/specs
COLLECT_GCC=gcc
COLLECT_LTO_WRAPPER=/usr/libexec/gcc/x86_64-slackware-linux/5.5.0/lto-wrapper
Target: x86_64-slackware-linux
Configured with: ../gcc-5.5.0/configure --prefix=/usr --libdir=/usr/lib64 --mandir=/usr/man --infodir=/usr/info --enable-shared --enable-bootstrap --enable-languages=ada,c,c++,fortran,go,java,lto,objc --enable-threads=posix --enable-checking=release --enable-objc-gc --with-system-zlib --with-python-dir=/lib64/python2.7/site-packages --enable-libstdcxx-dual-abi --with-default-libstdcxx-abi=gcc4-compatible --disable-libunwind-exceptions --enable-__cxa_atexit --enable-libssp --enable-lto --disable-install-libiberty --with-gnu-ld --verbose --enable-java-home --with-java-home=/usr/lib64/jvm/jre --with-jvm-root-dir=/usr/lib64/jvm --with-jvm-jar-dir=/usr/lib64/jvm/jvm-exports --with-arch-directory=amd64 --with-antlr-jar=/tmp/slackware64-14.2/gcc/antlr-runtime-3.4.jar --enable-java-awt=gtk --disable-gtktest --disable-multilib --target=x86_64-slackware-linux --build=x86_64-slackware-linux --host=x86_64-slackware-linux
Thread model: posix
gcc version 5.5.0 (GCC) 
configure:3480: $? = 0
configure:3469: gcc -V >&5
gcc: error: unrecognized command line option '-V'
gcc: fatal error: no input files
compilation terminated.
configure:3480: $? = 1
configure:3469: gcc -qversion >&5
gcc: error: unrecognized command line option '-qversion'
gcc: fatal error: no input files
compilation terminated.
configure:3480: $? = 1
configure:3500: checking whether the C compiler works
configure:3522: gcc -O3 -g   conftest.c  >&5
configure:3526: $? = 0
configure:3574: result: yes
configure:3577: checking for C compiler default output file name
configure:3579: result: a.out
configure:3585: checking for suffix of executables
configure:3592: gcc -o conftest -O3 -g   conftest.c  >&5
configure:3596: $? = 0
configure:3618: result: 
configure:3640: checking whether we are cross compiling
configure:3648: gcc -o conftest -O3 -g   conftest.c  >&5
configure:3652: $? = 0
configure:3659: ./conftest
configure:3663: $? = 0
configure:3678: result: no
configure:3683: checking for suffix of object files
configure:3705: gcc -c -O3 -g  conftest.c >&5
configure:3709: $? = 0
configure:3730: result: o
configure:3734: checking whether we are using the GNU C compiler
configure:3753: gcc -c -O3 -g  conftest.c >&5
configure:3753: $? = 0
configure:3762: result: yes
configure:3771: checking whether gcc accepts -g
configure:3791: gcc -c -g  conftest.c >&5
configure:3791: $? = 0
configure:3832: result: yes
configure:3849: checking for gcc option to accept ISO C89
configure:3912: gcc  -c -O3 -g  conftest.c >&5
configure:3912: $? = 0
configure:3925: result: none needed
configure:3950: checking whether gcc understands -c and -o together
configure:3972: gcc -c conftest.c -o conftest2.o
configure:3975: $? = 0
configure:3972: gcc -c conftest.c -o conftest2.o
configure:3975: $? = 0
configure:3987: result: yes
configure:4006: checking dependency style of gcc
configure:4117: result: gcc3
configure:4132: checking for a sed that does not truncate output
configure:4196: result: /usr/bin/sed
configure:4214: checking for grep that handles long lines and -e
configure:4272: result: /usr/bin/grep
configure:4277: checking for egrep
configure:4339: result: /usr/bin/grep -E
configure:4344: checking for fgrep
configure:4406: result: /usr/bin/grep -F
configure:4441: checking for ld used by gcc
configure:4508: result: /usr/x86_64-slackware-linux/bin/ld
configure:4515: checking if the linker (/usr/x86_64-slackware-linux/bin/ld) is GNU ld
configure:4530: result: yes
configure:4542: checking for BSD- or MS-compatible name lister (nm)
configure:4596: result: /usr/bin/nm -B
configure:4726: checking the name lister (/usr/bin/nm -B) interface
configure:4733: gcc -c -O3 -g  conftest.c >&5
configure:4736: /usr/bin/nm -B "conftest.o"
configure:4739: output
0000000000000000 B some_variable
configure:4746: result: BSD nm
configure:4749: checking whether ln -s works
configure:4753: result: yes
configure:4761: checking the maximum length of command line arguments
configure:4892: result: 1572864
configure:4940: checking how to convert x86_64-unknown-linux-gnu file names to x86_64-unknown-linux-gnu format
configure:4980: result: func_convert_file_noop
configure:4987: checking how to convert x86_64-unknown-linux-gnu file names to toolchain format
configure:5007: result: func_convert_file_noop
configure:5014: checking for /usr/x86_64-slackware-linux/bin/ld option to reload object files
configure:5021: result: -r
configure:5095: checking for objdump
configure:5111: found /usr/bin/objdump
configure:5122: result: objdump
configure:5154: checking how to recognize dependent libraries
configure:5354: result: pass_all
configure:5439: checking for dlltool
configure:5455: found /usr/bin/dlltool
configure:5466: result: dlltool
configure:5499: checking how to associate runtime and link libraries
configure:5526: result: printf %s\n
configure:5587: checking for ar
configure:5603: found /usr/bin/ar
configure:5614: result: ar
configure:5651: checking for archiver @FILE support
configure:5668: gcc -c -O3 -g  conftest.c >&5
configure:5668: $? = 0
configure:5671: ar cru libconftest.a @conftest.lst >&5
configure:5674: $? = 0
configure:5679: ar cru libconftest.a @conftest.lst >&5
ar: conftest.o: No such file or directory
configure:5682: $? = 1
configure:5694: result: @
configure:5752: checking for strip
configure:5768: found /usr/bin/strip
configure:5779: result: strip
configure:5851: checking for ranlib
configure:5867: found /usr/bin/ranlib
configure:5878: result: ranlib
configure:5980: checking command to parse /usr/bin/nm -B output from gcc object
configure:6133: gcc -c -O3 -g  conftest.c >&5
configure:6136: $? = 0
configure:6140: /usr/bin/nm -B conftest.o \| sed -n -e 's/^.*[ ]\([ABCDGIRSTW][ABCDGIRSTW]*\)[ ][ ]*\([_A-Za-z][_A-Za-z0-9]*\)$/\1 \2 \2/p' | sed '/ __gnu_lto/d' \> conftest.nm
configure:6143: $? = 0
configure:6209: gcc -o conftest -O3 -g   conftest.c conftstm.o >&5
configure:6212: $? = 0
configure:6250: result: ok
configure:6297: checking for sysroot
configure:6327: result: no
configure:6334: checking for a working dd
configure:6372: result: /usr/bin/dd
configure:6376: checking how to truncate binary pipes
configure:6391: result: /usr/bin/dd bs=4096 count=1
configure:6527: gcc -c -O3 -g  conftest.c >&5
configure:6530: $? = 0
configure:6720: checking for mt
configure:6736: found /bin/mt
configure:6747: result: mt
configure:6770: checking if mt is a manifest tool
configure:6776: mt '-?'
usage: mt [-v] [--version] [-h] [ -f device ] command [ count ]
configure:6784: result: no
configure:7461: checking how to run the C preprocessor
configure:7492: gcc -E  conftest.c
configure:7492: $? = 0
configure:7506: gcc -E  conftest.c
conftest.c:16:28: fatal error: ac_nonexistent.h: No such file or directory
compilation terminated.
configure:7506: $? = 1
configure: failed program was:
| /* confdefs.h */
| #define PACKAGE_NAME "sqt"
| #define PACKAGE_TARNAME "sqt"
| #define PACKAGE_VERSION "0.1"
| #define PACKAGE_STRING "sqt 0.1"
| #define PACKAGE_BUGREPORT ""
| #define PACKAGE_URL ""
| #define PACKAGE "sqt"
| #define VERSION "0.1"
| #define SQT_MAJOR_VERSION 0
| #define SQT_MINOR_VERSION 1
| #define SQT_MICRO_VERSION 0
| #define SQT_INTERFACE_AGE 0
| #define SQT_BINARY_AGE 0
| /* end confdefs.h.  */
| #include <ac_nonexistent.h>
configure:7531: result: gcc -E
configure:7551: gcc -E  conftest.c
configure:7551: $? = 0
configure:7565: gcc -E  conftest.c
conftest.c:16:28: fatal error: ac_nonexistent.h: No such file or directory
compilation terminated.
configure:7565: $? = 1
configure: failed program was:
| /* confdefs.h */
| #define PACKAGE_NAME "sqt"
| #define PACKAGE_TARNAME "sqt"
| #define PACKAGE_VERSION "0.1"
| #define PACKAGE_STRING "sqt 0.1"
| #define PACKAGE_BUGREPORT ""
| #define PACKAGE_URL ""
| #define PACKAGE "sqt"
| #define VERSION "0.1"
| #define SQT_MAJOR_VERSION 0
| #define SQT_MINOR_VERSION 1
| #define SQT_MICRO_VERSION 0
| #define SQT_INTERFACE_AGE 0
| #define SQT_BINARY_AGE 0
| /* end confdefs.h.  */
| #include <ac_nonexistent.h>
configure:7594: checking for ANSI C header files
configure:7614: gcc -c -O3 -g  conftest.c >&5
configure:7614: $? = 0
configure:7687: gcc -o conftest -O3 -g   conftest.c  >&5
configure:7687: $? = 0
configure:7687: ./conftest
configure:7687: $? = 0
configure:7698: result: yes
configure:7711: checking for sys/types.h
configure:7711: gcc -c -O3 -g  conftest.c >&5
configure:7711: $? = 0
configure:7711: result: yes
configure:7711: checking for sys/stat.h
configure:7711: gcc -c -O3 -g  conftest.c >&5
configure:7711: $? = 0
configure:7711: result: yes
configure:7711: checking for stdlib.h
configure:7711: gcc -c -O3 -g  conftest.c >&5
configure:7711: $? = 0
configure:7711: result: yes
configure:7711: checking for string.h
configure:7711: gcc -c -O3 -g  conftest.c >&5
configure:7711: $? = 0
configure:7711: result: yes
configure:7711: checking for memory.h
configure:7711: gcc -c -O3 -g  conftest.c >&5
configure:7711: $? = 0
configure:7711: result: yes
configure:7711: checking for strings.h
configure:7711: gcc -c -O3 -g  conftest.c >&5
configure:7711: $? = 0
configure:7711: result: yes
configure:7711: checking for inttypes.h
configure:7711: gcc -c -O3 -g  conftest.c >&5
configure:7711: $? = 0
configure:7711: result: yes
configure:7711: checking for stdint.h
configure:7711: gcc -c -O3 -g  conftest.c >&5
configure:7711: $? = 0
configure:7711: result: yes
configure:7711: checking for unistd.h
configure:7711: gcc -c -O3 -g  conftest.c >&5
configure:7711: $? = 0
configure:7711: result: yes
configure:7725: checking for dlfcn.h
configure:7725: gcc -c -O3 -g  conftest.c >&5
configure:7725: $? = 0
configure:7725: result: yes
configure:7981: checking for objdir
configure:7996: result: .libs
configure:8260: checking if gcc supports -fno-rtti -fno-exceptions
configure:8278: gcc -c -O3 -g  -fno-rtti -fno-exceptions conftest.c >&5
cc1: warning: command line option '-fno-rtti' is valid for C++/ObjC++ but not for C
configure:8282: $? = 0
configure:8295: result: no
configure:8653: checking for gcc option to produce PIC
configure:8660: result: -fPIC -DPIC
configure:8668: checking if gcc PIC flag -fPIC -DPIC works
configure:8686: gcc -c -O3 -g  -fPIC -DPIC -DPIC conftest.c >&5
configure:8690: $? = 0
configure:8703: result: yes
configure:8732: checking if gcc static flag -static works
configure:8760: result: yes
configure:8775: checking if gcc supports -c -o file.o
configure:8796: gcc -c -O3 -g  -o out/conftest2.o conftest.c >&5
configure:8800: $? = 0
configure:8822: result: yes
configure:8830: checking if gcc supports -c -o file.o
configure:8877: result: yes
configure:8910: checking whether the gcc linker (/usr/x86_64-slackware-linux/bin/ld -m elf_x86_64) supports shared libraries
configure:10169: result: yes
configure:10206: checking whether -lc should be explicitly linked in
configure:10214: gcc -c -O3 -g  conftest.c >&5
configure:10217: $? = 0
configure:10232: gcc -shared  -fPIC -DPIC conftest.o  -v -Wl,-soname -Wl,conftest -o conftest 2\>\&1 \| /usr/bin/grep  -lc  \>/dev/null 2\>\&1
configure:10235: $? = 0
configure:10249: result: no
configure:10409: checking dynamic linker characteristics
configure:10990: gcc -o conftest -O3 -g   -Wl,-rpath -Wl,/foo conftest.c  >&5
configure:10990: $? = 0
configure:11227: result: GNU/Linux ld.so
configure:11349: checking how to hardcode library paths into programs
configure:11374: result: immediate
configure:11922: checking whether stripping libraries is possible
configure:11927: result: yes
configure:11962: checking if libtool supports shared libraries
configure:11964: result: yes
configure:11967: checking whether to build shared libraries
configure:11992: result: yes
configure:11995: checking whether to build static libraries
configure:11999: result: yes
configure:12087: checking for gcc
configure:12114: result: gcc
configure:12343: checking for C compiler version
configure:12352: gcc --version >&5
gcc (GCC) 5.5.0
Copyright (C) 2015 Free Software Foundation, Inc.
This is free software; see the source for copying conditions.  There is NO
warranty; not even for MERCHANTABILITY or FITNESS FOR A PARTICULAR PURPOSE.

configure:12363: $? = 0
configure:12352: gcc -v >&5
Reading specs from /usr/lib64/gcc/x86_64-slackware-linux/5.5.0/specs
COLLECT_GCC=gcc
COLLECT_LTO_WRAPPER=/usr/libexec/gcc/x86_64-slackware-linux/5.5.0/lto-wrapper
Target: x86_64-slackware-linux
Configured with: ../gcc-5.5.0/configure --prefix=/usr --libdir=/usr/lib64 --mandir=/usr/man --infodir=/usr/info --enable-shared --enable-bootstrap --enable-languages=ada,c,c++,fortran,go,java,lto,objc --enable-threads=posix --enable-checking=release --enable-objc-gc --with-system-zlib --with-python-dir=/lib64/python2.7/site-packages --enable-libstdcxx-dual-abi --with-default-libstdcxx-abi=gcc4-compatible --disable-libunwind-exceptions --enable-__cxa_atexit --enable-libssp --enable-lto --disable-install-libiberty --with-gnu-ld --verbose --enable-java-home --with-java-home=/usr/lib64/jvm/jre --with-jvm-root-dir=/usr/lib64/jvm --with-jvm-jar-dir=/usr/lib64/jvm/jvm-exports --with-arch-directory=amd64 --with-antlr-jar=/tmp/slackware64-14.2/gcc/antlr-runtime-3.4.jar --enable-java-awt=gtk --disable-gtktest --disable-multilib --target=x86_64-slackware-linux --build=x86_64-slackware-linux --host=x86_64-slackware-linux
Thread model: posix
gcc version 5.5.0 (GCC) 
configure:12363: $? = 0
configure:12352: gcc -V >&5
gcc: error: unrecognized command line option '-V'
gcc: fatal error: no input files
compilation terminated.
configure:12363: $? = 1
configure:12352: gcc -qversion >&5
gcc: error: unrecognized command line option '-qversion'
gcc: fatal error: no input files
compilation terminated.
configure:12363: $? = 1
configure:12367: checking whether we are using the GNU C compiler
configure:12395: result: yes
configure:12404: checking whether gcc accepts -g
configure:12465: result: yes
configure:12482: checking for gcc option to accept ISO C89
configure:12558: result: none needed
configure:12583: checking whether gcc understands -c and -o together
configure:12620: result: yes
configure:12639: checking dependency style of gcc
configure:12750: result: gcc3
configure:12775: checking for gawk
configure:12802: result: gawk
configure:12813: checking for library containing strerror
configure:12844: gcc -o conftest -O3 -g -Wall -Werror-implicit-function-declaration -Wstrict-prototypes -Wmissing-prototypes -Wmissing-declarations   conftest.c  >&5
conftest.c:35:1: warning: function declaration isn't a prototype [-Wstrict-prototypes]
 char strerror ();
 ^
conftest.c:37:1: warning: function declaration isn't a prototype [-Wstrict-prototypes]
 main ()
 ^
configure:12844: $? = 0
configure:12861: result: none required
configure:12869: checking for ANSI C header files
configure:12973: result: yes
configure:13066: checking for pkg-config
configure:13084: found /usr/bin/pkg-config
configure:13096: result: /usr/bin/pkg-config
configure:13121: checking pkg-config is at least version 0.16
configure:13124: result: yes
configure:13141: checking for GLIB - version >= 2.4.0
configure:13253: gcc -o conftest -O3 -g -Wall -Werror-implicit-function-declaration -Wstrict-prototypes -Wmissing-prototypes -Wmissing-declarations -pthread -I/usr/include/glib-2.0 -I/usr/lib64/glib-2.0/include   conftest.c -lgthread-2.0 -pthread -Wl,--export-dynamic -lgmodule-2.0 -pthread -lglib-2.0  >&5
conftest.c:35:1: warning: function declaration isn't a prototype [-Wstrict-prototypes]
 main ()
 ^
configure:13253: $? = 0
configure:13253: ./conftest
configure:13253: $? = 0
configure:13267: result: yes (version 2.46.2)
configure:13681: checking for gcc __builtin_cpu_init function
configure:13704: gcc -o conftest -O3 -g -Wall -Werror-implicit-function-declaration -Wstrict-prototypes -Wmissing-prototypes -Wmissing-declarations   conftest.c  >&5
conftest.c:31:1: warning: function declaration isn't a prototype [-Wstrict-prototypes]
 main ()
 ^
configure:13704: $? = 0
configure:13704: ./conftest
configure:13704: $? = 0
configure:13714: result: yes
configure:13729: checking for x86 avx instruction support
configure:13755: gcc -o conftest -O3 -g -Wall -Werror-implicit-function-declaration -Wstrict-prototypes -Wmissing-prototypes -Wmissing-declarations   conftest.c  >&5
conftest.c:31:1: warning: function declaration isn't a prototype [-Wstrict-prototypes]
 main ()
 ^
configure:13755: $? = 0
configure:13755: ./conftest
configure:13755: $? = 0
configure:13767: result: yes
configure:13792: checking for x86 avx2 instruction support
configure:13818: gcc -o conftest -O3 -g -Wall -Werror-implicit-function-declaration -Wstrict-prototypes -Wmissing-prototypes -Wmissing-declarations   conftest.c  >&5
conftest.c:32:1: warning: function declaration isn't a prototype [-Wstrict-prototypes]
 main ()
 ^
configure:13818: $? = 0
configure:13818: ./conftest
configure:13818: $? = 1
configure: program exited with status 1
configure: failed program was:
| /* confdefs.h */
| #define PACKAGE_NAME "sqt"
| #define PACKAGE_TARNAME "sqt"
| #define PACKAGE_VERSION "0.1"
| #define PACKAGE_STRING "sqt 0.1"
| #define PACKAGE_BUGREPORT ""
| #define PACKAGE_URL ""
| #define PACKAGE "sqt"
| #define VERSION "0.1"
| #define SQT_MAJOR_VERSION 0
| #define SQT_MINOR_VERSION 1
| #define SQT_MICRO_VERSION 0
| #define SQT_INTERFACE_AGE 0
| #define SQT_BINARY_AGE 0
| #define STDC_HEADERS 1
| #define HAVE_SYS_TYPES_H 1
| #define HAVE_SYS_STAT_H 1
| #define HAVE_STDLIB_H 1
| #define HAVE_STRING_H 1
| #define HAVE_MEMORY_H 1
| #define HAVE_STRINGS_H 1
| #define HAVE_INTTYPES_H 1
| #define HAVE_STDINT_H 1
| #define HAVE_UNISTD_H 1
| #define HAVE_DLFCN_H 1
| #define LT_OBJDIR ".libs/"
| #define STDC_HEADERS 1
| #define HAVE_AVX_INSTRUCTIONS 1
| /* end confdefs.h.  */
| #include <stdlib.h>
| int
| main ()
| {
|  __builtin_cpu_init ();
|          if (__builtin_cpu_supports("avx2"))
|            return 0;
|          return 1;
| 
|   ;
|   return 0;
| }
configure:13830: result: no
configure:13855: checking for x86 fma instruction support
configure:13881: gcc -o conftest -O3 -g -Wall -Werror-implicit-function-declaration -Wstrict-prototypes -Wmissing-prototypes -Wmissing-declarations   conftest.c  >&5
conftest.c:32:1: warning: function declaration isn't a prototype [-Wstrict-prototypes]
 main ()
 ^
configure:13881: $? = 0
configure:13881: ./conftest
configure:13881: $? = 1
configure: program exited with status 1
configure: failed program was:
| /* confdefs.h */
| #define PACKAGE_NAME "sqt"
| #define PACKAGE_TARNAME "sqt"
| #define PACKAGE_VERSION "0.1"
| #define PACKAGE_STRING "sqt 0.1"
| #define PACKAGE_BUGREPORT ""
| #define PACKAGE_URL ""
| #define PACKAGE "sqt"
| #define VERSION "0.1"
| #define SQT_MAJOR_VERSION 0
| #define SQT_MINOR_VERSION 1
| #define SQT_MICRO_VERSION 0
| #define SQT_INTERFACE_AGE 0
| #define SQT_BINARY_AGE 0
| #define STDC_HEADERS 1
| #define HAVE_SYS_TYPES_H 1
| #define HAVE_SYS_STAT_H 1
| #define HAVE_STDLIB_H 1
| #define HAVE_STRING_H 1
| #define HAVE_MEMORY_H 1
| #define HAVE_STRINGS_H 1
| #define HAVE_INTTYPES_H 1
| #define HAVE_STDINT_H 1
| #define HAVE_UNISTD_H 1
| #define HAVE_DLFCN_H 1
| #define LT_OBJDIR ".libs/"
| #define STDC_HEADERS 1
| #define HAVE_AVX_INSTRUCTIONS 1
| /* end confdefs.h.  */
| #include <stdlib.h>
| int
| main ()
| {
|  __builtin_cpu_init ();
|          if (__builtin_cpu_supports("fma"))
|            return 0;
|          return 1;
| 
|   ;
|   return 0;
| }
configure:13893: result: no
configure:13917: checking for cos in -lm
configure:13942: gcc -o conftest -O3 -g -Wall -Werror-implicit-function-declaration -Wstrict-prototypes -Wmissing-prototypes -Wmissing-declarations   conftest.c -lm   >&5
conftest.c:37:1: warning: function declaration isn't a prototype [-Wstrict-prototypes]
 char cos ();
 ^
conftest.c:37:6: warning: conflicting types for built-in function 'cos'
 char cos ();
      ^
conftest.c:39:1: warning: function declaration isn't a prototype [-Wstrict-prototypes]
 main ()
 ^
configure:13942: $? = 0
configure:13951: result: yes
configure:13972: checking for gcc option to support OpenMP
configure:13987: gcc -o conftest -O3 -g -Wall -Werror-implicit-function-declaration -Wstrict-prototypes -Wmissing-prototypes -Wmissing-declarations   conftest.c -lm  >&5
conftest.c:33:2: error: unknown type name 'choke'
  choke me
  ^
In file included from conftest.c:35:0:
/usr/lib64/gcc/x86_64-slackware-linux/5.5.0/include/omp.h:35:1: error: expected '=', ',', ';', 'asm' or '__attribute__' before 'typedef'
 typedef struct
 ^
conftest.c:36:5: warning: function declaration isn't a prototype [-Wstrict-prototypes]
 int main () { return omp_get_num_threads (); }
     ^
configure:13987: $? = 1
configure: failed program was:
| /* confdefs.h */
| #define PACKAGE_NAME "sqt"
| #define PACKAGE_TARNAME "sqt"
| #define PACKAGE_VERSION "0.1"
| #define PACKAGE_STRING "sqt 0.1"
| #define PACKAGE_BUGREPORT ""
| #define PACKAGE_URL ""
| #define PACKAGE "sqt"
| #define VERSION "0.1"
| #define SQT_MAJOR_VERSION 0
| #define SQT_MINOR_VERSION 1
| #define SQT_MICRO_VERSION 0
| #define SQT_INTERFACE_AGE 0
| #define SQT_BINARY_AGE 0
| #define STDC_HEADERS 1
| #define HAVE_SYS_TYPES_H 1
| #define HAVE_SYS_STAT_H 1
| #define HAVE_STDLIB_H 1
| #define HAVE_STRING_H 1
| #define HAVE_MEMORY_H 1
| #define HAVE_STRINGS_H 1
| #define HAVE_INTTYPES_H 1
| #define HAVE_STDINT_H 1
| #define HAVE_UNISTD_H 1
| #define HAVE_DLFCN_H 1
| #define LT_OBJDIR ".libs/"
| #define STDC_HEADERS 1
| #define HAVE_AVX_INSTRUCTIONS 1
| #define HAVE_LIBM 1
| /* end confdefs.h.  */
| 
| #ifndef _OPENMP
|  choke me
| #endif
| #include <omp.h>
| int main () { return omp_get_num_threads (); }
| 
configure:14005: gcc -o conftest -O3 -g -Wall -Werror-implicit-function-declaration -Wstrict-prototypes -Wmissing-prototypes -Wmissing-declarations -fopenmp   conftest.c -lm  >&5
conftest.c:36:5: warning: function declaration isn't a prototype [-Wstrict-prototypes]
 int main () { return omp_get_num_threads (); }
     ^
configure:14005: $? = 0
configure:14019: result: -fopenmp
configure:14083: checking for g77
configure:14099: found /usr/bin/g77
configure:14110: result: g77
configure:14136: checking for Fortran 77 compiler version
configure:14145: g77 --version >&5
GNU Fortran (GCC) 5.5.0
Copyright (C) 2015 Free Software Foundation, Inc.

GNU Fortran comes with NO WARRANTY, to the extent permitted by law.
You may redistribute copies of GNU Fortran
under the terms of the GNU General Public License.
For more information about these matters, see the file named COPYING

configure:14156: $? = 0
configure:14145: g77 -v >&5
Reading specs from /usr/lib64/gcc/x86_64-slackware-linux/5.5.0/specs
COLLECT_GCC=g77
COLLECT_LTO_WRAPPER=/usr/libexec/gcc/x86_64-slackware-linux/5.5.0/lto-wrapper
Target: x86_64-slackware-linux
Configured with: ../gcc-5.5.0/configure --prefix=/usr --libdir=/usr/lib64 --mandir=/usr/man --infodir=/usr/info --enable-shared --enable-bootstrap --enable-languages=ada,c,c++,fortran,go,java,lto,objc --enable-threads=posix --enable-checking=release --enable-objc-gc --with-system-zlib --with-python-dir=/lib64/python2.7/site-packages --enable-libstdcxx-dual-abi --with-default-libstdcxx-abi=gcc4-compatible --disable-libunwind-exceptions --enable-__cxa_atexit --enable-libssp --enable-lto --disable-install-libiberty --with-gnu-ld --verbose --enable-java-home --with-java-home=/usr/lib64/jvm/jre --with-jvm-root-dir=/usr/lib64/jvm --with-jvm-jar-dir=/usr/lib64/jvm/jvm-exports --with-arch-directory=amd64 --with-antlr-jar=/tmp/slackware64-14.2/gcc/antlr-runtime-3.4.jar --enable-java-awt=gtk --disable-gtktest --disable-multilib --target=x86_64-slackware-linux --build=x86_64-slackware-linux --host=x86_64-slackware-linux
Thread model: posix
gcc version 5.5.0 (GCC) 
configure:14156: $? = 0
configure:14145: g77 -V >&5
g77: error: unrecognized command line option '-V'
g77: fatal error: no input files
compilation terminated.
configure:14156: $? = 1
configure:14145: g77 -qversion >&5
g77: error: unrecognized command line option '-qversion'
g77: fatal error: no input files
compilation terminated.
configure:14156: $? = 1
configure:14165: checking whether we are using the GNU Fortran 77 compiler
configure:14178: g77 -c  conftest.F >&5
configure:14178: $? = 0
configure:14187: result: yes
configure:14193: checking whether g77 accepts -g
configure:14204: g77 -c -g conftest.f >&5
configure:14204: $? = 0
configure:14212: result: yes
configure:14341: checking if libtool supports shared libraries
configure:14343: result: yes
configure:14346: checking whether to build shared libraries
configure:14370: result: yes
configure:14373: checking whether to build static libraries
configure:14377: result: yes
configure:14729: checking for g77 option to produce PIC
configure:14736: result: -fPIC
configure:14744: checking if g77 PIC flag -fPIC works
configure:14762: g77 -c -g -O2 -fPIC conftest.f >&5
configure:14766: $? = 0
configure:14779: result: yes
configure:14802: checking if g77 static flag -static works
configure:14830: result: yes
configure:14842: checking if g77 supports -c -o file.o
configure:14863: g77 -c -g -O2 -o out/conftest2.o conftest.f >&5
configure:14867: $? = 0
configure:14889: result: yes
configure:14894: checking if g77 supports -c -o file.o
configure:14941: result: yes
configure:14971: checking whether the g77 linker (/usr/x86_64-slackware-linux/bin/ld -m elf_x86_64) supports shared libraries
configure:16180: result: yes
configure:16321: checking dynamic linker characteristics
configure:17060: result: GNU/Linux ld.so
configure:17125: checking how to hardcode library paths into programs
configure:17150: result: immediate
configure:17187: checking how to get verbose linking output from g77
configure:17197: g77 -c -g -O2 conftest.f >&5
configure:17197: $? = 0
configure:17215: g77 -o conftest -g -O2 -v conftest.f -lm
Reading specs from /usr/lib64/gcc/x86_64-slackware-linux/5.5.0/specs
Target: x86_64-slackware-linux
Thread model: posix
gcc version 5.5.0 (GCC) 
 /usr/libexec/gcc/x86_64-slackware-linux/5.5.0/f951 conftest.f -ffixed-form -quiet -dumpbase conftest.f -mtune=generic -march=x86-64 -auxbase conftest -g -O2 -version -fintrinsic-modules-path /usr/lib64/gcc/x86_64-slackware-linux/5.5.0/finclude -o /tmp/ccmRdBLC.s
GNU Fortran (GCC) version 5.5.0 (x86_64-slackware-linux)
	compiled by GNU C version 5.5.0, GMP version 6.1.1, MPFR version 3.1.4, MPC version 1.0.3
GGC heuristics: --param ggc-min-expand=100 --param ggc-min-heapsize=131072
GNU Fortran2008 (GCC) version 5.5.0 (x86_64-slackware-linux)
	compiled by GNU C version 5.5.0, GMP version 6.1.1, MPFR version 3.1.4, MPC version 1.0.3
GGC heuristics: --param ggc-min-expand=100 --param ggc-min-heapsize=131072
 /usr/lib64/gcc/x86_64-slackware-linux/5.5.0/../../../../x86_64-slackware-linux/bin/as -v --64 -o /tmp/cca6R08L.o /tmp/ccmRdBLC.s
GNU assembler version 2.26 (x86_64-slackware-linux) using BFD version version 2.26.20160125
Reading specs from /usr/lib64/gcc/x86_64-slackware-linux/5.5.0/../../../../lib64/libgfortran.spec
rename spec lib to liborig
 /usr/libexec/gcc/x86_64-slackware-linux/5.5.0/collect2 -plugin /usr/libexec/gcc/x86_64-slackware-linux/5.5.0/liblto_plugin.so -plugin-opt=/usr/libexec/gcc/x86_64-slackware-linux/5.5.0/lto-wrapper -plugin-opt=-fresolution=/tmp/cceGRfxV.res -plugin-opt=-pass-through=-lgcc_s -plugin-opt=-pass-through=-lgcc -plugin-opt=-pass-through=-lquadmath -plugin-opt=-pass-through=-lm -plugin-opt=-pass-through=-lgcc_s -plugin-opt=-pass-through=-lgcc -plugin-opt=-pass-through=-lc -plugin-opt=-pass-through=-lgcc_s -plugin-opt=-pass-through=-lgcc --eh-frame-hdr -m elf_x86_64 -dynamic-linker /lib64/ld-linux-x86-64.so.2 -o conftest /usr/lib64/gcc/x86_64-slackware-linux/5.5.0/../../../../lib64/crt1.o /usr/lib64/gcc/x86_64-slackware-linux/5.5.0/../../../../lib64/crti.o /usr/lib64/gcc/x86_64-slackware-linux/5.5.0/crtbegin.o -L/usr/lib64/gcc/x86_64-slackware-linux/5.5.0 -L/usr/lib64/gcc/x86_64-slackware-linux/5.5.0/../../../../lib64 -L/lib/../lib64 -L/usr/lib/../lib64 -L/usr/lib64/gcc/x86_64-slackware-linux/5.5.0/../../../../x86_64-slackware-linux/lib -L/usr/lib64/gcc/x86_64-slackware-linux/5.5.0/../../.. /tmp/cca6R08L.o -lgfortran -lm -lgfortran -lm -lgcc_s -lgcc -lquadmath -lm -lgcc_s -lgcc -lc -lgcc_s -lgcc /usr/lib64/gcc/x86_64-slackware-linux/5.5.0/crtend.o /usr/lib64/gcc/x86_64-slackware-linux/5.5.0/../../../../lib64/crtn.o
configure:17298: result: -v
configure:17300: checking for Fortran 77 libraries of g77
configure:17323: g77 -o conftest -g -O2 -v conftest.f -lm
Reading specs from /usr/lib64/gcc/x86_64-slackware-linux/5.5.0/specs
Target: x86_64-slackware-linux
Thread model: posix
gcc version 5.5.0 (GCC) 
 /usr/libexec/gcc/x86_64-slackware-linux/5.5.0/f951 conftest.f -ffixed-form -quiet -dumpbase conftest.f -mtune=generic -march=x86-64 -auxbase conftest -g -O2 -version -fintrinsic-modules-path /usr/lib64/gcc/x86_64-slackware-linux/5.5.0/finclude -o /tmp/ccbHcVnL.s
GNU Fortran (GCC) version 5.5.0 (x86_64-slackware-linux)
	compiled by GNU C version 5.5.0, GMP version 6.1.1, MPFR version 3.1.4, MPC version 1.0.3
GGC heuristics: --param ggc-min-expand=100 --param ggc-min-heapsize=131072
GNU Fortran2008 (GCC) version 5.5.0 (x86_64-slackware-linux)
	compiled by GNU C version 5.5.0, GMP version 6.1.1, MPFR version 3.1.4, MPC version 1.0.3
GGC heuristics: --param ggc-min-expand=100 --param ggc-min-heapsize=131072
 /usr/lib64/gcc/x86_64-slackware-linux/5.5.0/../../../../x86_64-slackware-linux/bin/as -v --64 -o /tmp/ccaEJEWU.o /tmp/ccbHcVnL.s
GNU assembler version 2.26 (x86_64-slackware-linux) using BFD version version 2.26.20160125
Reading specs from /usr/lib64/gcc/x86_64-slackware-linux/5.5.0/../../../../lib64/libgfortran.spec
rename spec lib to liborig
 /usr/libexec/gcc/x86_64-slackware-linux/5.5.0/collect2 -plugin /usr/libexec/gcc/x86_64-slackware-linux/5.5.0/liblto_plugin.so -plugin-opt=/usr/libexec/gcc/x86_64-slackware-linux/5.5.0/lto-wrapper -plugin-opt=-fresolution=/tmp/cclFxcw4.res -plugin-opt=-pass-through=-lgcc_s -plugin-opt=-pass-through=-lgcc -plugin-opt=-pass-through=-lquadmath -plugin-opt=-pass-through=-lm -plugin-opt=-pass-through=-lgcc_s -plugin-opt=-pass-through=-lgcc -plugin-opt=-pass-through=-lc -plugin-opt=-pass-through=-lgcc_s -plugin-opt=-pass-through=-lgcc --eh-frame-hdr -m elf_x86_64 -dynamic-linker /lib64/ld-linux-x86-64.so.2 -o conftest /usr/lib64/gcc/x86_64-slackware-linux/5.5.0/../../../../lib64/crt1.o /usr/lib64/gcc/x86_64-slackware-linux/5.5.0/../../../../lib64/crti.o /usr/lib64/gcc/x86_64-slackware-linux/5.5.0/crtbegin.o -L/usr/lib64/gcc/x86_64-slackware-linux/5.5.0 -L/usr/lib64/gcc/x86_64-slackware-linux/5.5.0/../../../../lib64 -L/lib/../lib64 -L/usr/lib/../lib64 -L/usr/lib64/gcc/x86_64-slackware-linux/5.5.0/../../../../x86_64-slackware-linux/lib -L/usr/lib64/gcc/x86_64-slackware-linux/5.5.0/../../.. /tmp/ccaEJEWU.o -lgfortran -lm -lgfortran -lm -lgcc_s -lgcc -lquadmath -lm -lgcc_s -lgcc -lc -lgcc_s -lgcc /usr/lib64/gcc/x86_64-slackware-linux/5.5.0/crtend.o /usr/lib64/gcc/x86_64-slackware-linux/5.5.0/../../../../lib64/crtn.o
configure:17519: result:  -L/usr/lib64/gcc/x86_64-slackware-linux/5.5.0 -L/usr/lib64/gcc/x86_64-slackware-linux/5.5.0/../../../../lib64 -L/lib/../lib64 -L/usr/lib/../lib64 -L/usr/lib64/gcc/x86_64-slackware-linux/5.5.0/../../../../x86_64-slackware-linux/lib -L/usr/lib64/gcc/x86_64-slackware-linux/5.5.0/../../.. -lgfortran -lm -lquadmath
configure:17535: checking for dummy main to link with Fortran 77 libraries
configure:17569: gcc -o conftest -O3 -g -Wall -Werror-implicit-function-declaration -Wstrict-prototypes -Wmissing-prototypes -Wmissing-declarations   conftest.c -lm   -L/usr/lib64/gcc/x86_64-slackware-linux/5.5.0 -L/usr/lib64/gcc/x86_64-slackware-linux/5.5.0/../../../../lib64 -L/lib/../lib64 -L/usr/lib/../lib64 -L/usr/lib64/gcc/x86_64-slackware-linux/5.5.0/../../../../x86_64-slackware-linux/lib -L/usr/lib64/gcc/x86_64-slackware-linux/5.5.0/../../.. -lgfortran -lm -lquadmath >&5
conftest.c:41:1: warning: function declaration isn't a prototype [-Wstrict-prototypes]
 main ()
 ^
configure:17569: $? = 0
configure:17614: result: none
configure:17647: checking for Fortran 77 name-mangling scheme
configure:17660: g77 -c -g -O2 conftest.f >&5
configure:17660: $? = 0
configure:17701: gcc -o conftest -O3 -g -Wall -Werror-implicit-function-declaration -Wstrict-prototypes -Wmissing-prototypes -Wmissing-declarations   conftest.c cfortran_test.o -lm   -L/usr/lib64/gcc/x86_64-slackware-linux/5.5.0 -L/usr/lib64/gcc/x86_64-slackware-linux/5.5.0/../../../../lib64 -L/lib/../lib64 -L/usr/lib/../lib64 -L/usr/lib64/gcc/x86_64-slackware-linux/5.5.0/../../../../x86_64-slackware-linux/lib -L/usr/lib64/gcc/x86_64-slackware-linux/5.5.0/../../.. -lgfortran -lm -lquadmath >&5
conftest.c:38:1: warning: function declaration isn't a prototype [-Wstrict-prototypes]
 char foobar ();
 ^
conftest.c:48:1: warning: function declaration isn't a prototype [-Wstrict-prototypes]
 main ()
 ^
/tmp/cc2vMfJ3.o: In function `main':
/home/michael/Codes/Libraries/sqt/conftest.c:50: undefined reference to `foobar'
collect2: error: ld returned 1 exit status
configure:17701: $? = 1
configure: failed program was:
| /* confdefs.h */
| #define PACKAGE_NAME "sqt"
| #define PACKAGE_TARNAME "sqt"
| #define PACKAGE_VERSION "0.1"
| #define PACKAGE_STRING "sqt 0.1"
| #define PACKAGE_BUGREPORT ""
| #define PACKAGE_URL ""
| #define PACKAGE "sqt"
| #define VERSION "0.1"
| #define SQT_MAJOR_VERSION 0
| #define SQT_MINOR_VERSION 1
| #define SQT_MICRO_VERSION 0
| #define SQT_INTERFACE_AGE 0
| #define SQT_BINARY_AGE 0
| #define STDC_HEADERS 1
| #define HAVE_SYS_TYPES_H 1
| #define HAVE_SYS_STAT_H 1
| #define HAVE_STDLIB_H 1
| #define HAVE_STRING_H 1
| #define HAVE_MEMORY_H 1
| #define HAVE_STRINGS_H 1
| #define HAVE_INTTYPES_H 1
| #define HAVE_STDINT_H 1
| #define HAVE_UNISTD_H 1
| #define HAVE_DLFCN_H 1
| #define LT_OBJDIR ".libs/"
| #define STDC_HEADERS 1
| #define HAVE_AVX_INSTRUCTIONS 1
| #define HAVE_LIBM 1
| /* end confdefs.h.  */
| 
| /* Override any GCC internal prototype to avoid an error.
|    Use char because int might match the return type of a GCC
|    builtin and then its argument prototype would still apply.  */
| #ifdef __cplusplus
| extern "C"
| #endif
| char foobar ();
| #ifdef F77_DUMMY_MAIN
| 
| #  ifdef __cplusplus
|      extern "C"
| #  endif
|    int F77_DUMMY_MAIN() { return 1; }
| 
| #endif
| int
| main ()
| {
| return foobar ();
|   ;
|   return 0;
| }
configure:17701: gcc -o conftest -O3 -g -Wall -Werror-implicit-function-declaration -Wstrict-prototypes -Wmissing-prototypes -Wmissing-declarations   conftest.c cfortran_test.o -lm   -L/usr/lib64/gcc/x86_64-slackware-linux/5.5.0 -L/usr/lib64/gcc/x86_64-slackware-linux/5.5.0/../../../../lib64 -L/lib/../lib64 -L/usr/lib/../lib64 -L/usr/lib64/gcc/x86_64-slackware-linux/5.5.0/../../../../x86_64-slackware-linux/lib -L/usr/lib64/gcc/x86_64-slackware-linux/5.5.0/../../.. -lgfortran -lm -lquadmath >&5
conftest.c:38:1: warning: function declaration isn't a prototype [-Wstrict-prototypes]
 char foobar_ ();
 ^
conftest.c:48:1: warning: function declaration isn't a prototype [-Wstrict-prototypes]
 main ()
 ^
configure:17701: $? = 0
configure:17759: gcc -o conftest -O3 -g -Wall -Werror-implicit-function-declaration -Wstrict-prototypes -Wmissing-prototypes -Wmissing-declarations   conftest.c cfortran_test.o -lm   -L/usr/lib64/gcc/x86_64-slackware-linux/5.5.0 -L/usr/lib64/gcc/x86_64-slackware-linux/5.5.0/../../../../lib64 -L/lib/../lib64 -L/usr/lib/../lib64 -L/usr/lib64/gcc/x86_64-slackware-linux/5.5.0/../../../../x86_64-slackware-linux/lib -L/usr/lib64/gcc/x86_64-slackware-linux/5.5.0/../../.. -lgfortran -lm -lquadmath >&5
conftest.c:38:1: warning: function declaration isn't a prototype [-Wstrict-prototypes]
 char foo_bar_ ();
 ^
conftest.c:48:1: warning: function declaration isn't a prototype [-Wstrict-prototypes]
 main ()
 ^
configure:17759: $? = 0
configure:17801: result: lower case, underscore, no extra underscore
configure:17983: checking for sgemm_
configure:17983: gcc -o conftest -O3 -g -Wall -Werror-implicit-function-declaration -Wstrict-prototypes -Wmissing-prototypes -Wmissing-declarations   conftest.c -lm   -L/usr/lib64/gcc/x86_64-slackware-linux/5.5.0 -L/usr/lib64/gcc/x86_64-slackware-linux/5.5.0/../../../../lib64 -L/lib/../lib64 -L/usr/lib/../lib64 -L/usr/lib64/gcc/x86_64-slackware-linux/5.5.0/../../../../x86_64-slackware-linux/lib -L/usr/lib64/gcc/x86_64-slackware-linux/5.5.0/../../.. -lgfortran -lm -lquadmath >&5
conftest.c:56:1: warning: function declaration isn't a prototype [-Wstrict-prototypes]
 char sgemm_ ();
 ^
conftest.c:65:1: warning: function declaration isn't a prototype [-Wstrict-prototypes]
 main ()
 ^
/tmp/ccyyZMaj.o: In function `main':
/home/michael/Codes/Libraries/sqt/conftest.c:67: undefined reference to `sgemm_'
collect2: error: ld returned 1 exit status
configure:17983: $? = 1
configure: failed program was:
| /* confdefs.h */
| #define PACKAGE_NAME "sqt"
| #define PACKAGE_TARNAME "sqt"
| #define PACKAGE_VERSION "0.1"
| #define PACKAGE_STRING "sqt 0.1"
| #define PACKAGE_BUGREPORT ""
| #define PACKAGE_URL ""
| #define PACKAGE "sqt"
| #define VERSION "0.1"
| #define SQT_MAJOR_VERSION 0
| #define SQT_MINOR_VERSION 1
| #define SQT_MICRO_VERSION 0
| #define SQT_INTERFACE_AGE 0
| #define SQT_BINARY_AGE 0
| #define STDC_HEADERS 1
| #define HAVE_SYS_TYPES_H 1
| #define HAVE_SYS_STAT_H 1
| #define HAVE_STDLIB_H 1
| #define HAVE_STRING_H 1
| #define HAVE_MEMORY_H 1
| #define HAVE_STRINGS_H 1
| #define HAVE_INTTYPES_H 1
| #define HAVE_STDINT_H 1
| #define HAVE_UNISTD_H 1
| #define HAVE_DLFCN_H 1
| #define LT_OBJDIR ".libs/"
| #define STDC_HEADERS 1
| #define HAVE_AVX_INSTRUCTIONS 1
| #define HAVE_LIBM 1
| #define F77_FUNC(name,NAME) name ## _
| #define F77_FUNC_(name,NAME) name ## _
| /* end confdefs.h.  */
| /* Define sgemm_ to an innocuous variant, in case <limits.h> declares sgemm_.
|    For example, HP-UX 11i <limits.h> declares gettimeofday.  */
| #define sgemm_ innocuous_sgemm_
| 
| /* System header to define __stub macros and hopefully few prototypes,
|     which can conflict with char sgemm_ (); below.
|     Prefer <limits.h> to <assert.h> if __STDC__ is defined, since
|     <limits.h> exists even on freestanding compilers.  */
| 
| #ifdef __STDC__
| # include <limits.h>
| #else
| # include <assert.h>
| #endif
| 
| #undef sgemm_
| 
| /* Override any GCC internal prototype to avoid an error.
|    Use char because int might match the return type of a GCC
|    builtin and then its argument prototype would still apply.  */
| #ifdef __cplusplus
| extern "C"
| #endif
| char sgemm_ ();
| /* The GNU C library defines this for functions which it implements
|     to always fail with ENOSYS.  Some functions are actually named
|     something starting with __ and the normal name is an alias.  */
| #if defined __stub_sgemm_ || defined __stub___sgemm_
| choke me
| #endif
| 
| int
| main ()
| {
| return sgemm_ ();
|   ;
|   return 0;
| }
configure:17983: result: no
configure:17993: checking for ATL_xerbla in -latlas
configure:18026: gcc -o conftest -O3 -g -Wall -Werror-implicit-function-declaration -Wstrict-prototypes -Wmissing-prototypes -Wmissing-declarations   conftest.c -latlas  -lm   -L/usr/lib64/gcc/x86_64-slackware-linux/5.5.0 -L/usr/lib64/gcc/x86_64-slackware-linux/5.5.0/../../../../lib64 -L/lib/../lib64 -L/usr/lib/../lib64 -L/usr/lib64/gcc/x86_64-slackware-linux/5.5.0/../../../../x86_64-slackware-linux/lib -L/usr/lib64/gcc/x86_64-slackware-linux/5.5.0/../../.. -lgfortran -lm -lquadmath >&5
conftest.c:40:1: warning: function declaration isn't a prototype [-Wstrict-prototypes]
 char ATL_xerbla ();
 ^
conftest.c:50:1: warning: function declaration isn't a prototype [-Wstrict-prototypes]
 main ()
 ^
/usr/lib64/gcc/x86_64-slackware-linux/5.5.0/../../../../x86_64-slackware-linux/bin/ld: cannot find -latlas
collect2: error: ld returned 1 exit status
configure:18026: $? = 1
configure: failed program was:
| /* confdefs.h */
| #define PACKAGE_NAME "sqt"
| #define PACKAGE_TARNAME "sqt"
| #define PACKAGE_VERSION "0.1"
| #define PACKAGE_STRING "sqt 0.1"
| #define PACKAGE_BUGREPORT ""
| #define PACKAGE_URL ""
| #define PACKAGE "sqt"
| #define VERSION "0.1"
| #define SQT_MAJOR_VERSION 0
| #define SQT_MINOR_VERSION 1
| #define SQT_MICRO_VERSION 0
| #define SQT_INTERFACE_AGE 0
| #define SQT_BINARY_AGE 0
| #define STDC_HEADERS 1
| #define HAVE_SYS_TYPES_H 1
| #define HAVE_SYS_STAT_H 1
| #define HAVE_STDLIB_H 1
| #define HAVE_STRING_H 1
| #define HAVE_MEMORY_H 1
| #define HAVE_STRINGS_H 1
| #define HAVE_INTTYPES_H 1
| #define HAVE_STDINT_H 1
| #define HAVE_UNISTD_H 1
| #define HAVE_DLFCN_H 1
| #define LT_OBJDIR ".libs/"
| #define STDC_HEADERS 1
| #define HAVE_AVX_INSTRUCTIONS 1
| #define HAVE_LIBM 1
| #define F77_FUNC(name,NAME) name ## _
| #define F77_FUNC_(name,NAME) name ## _
| /* end confdefs.h.  */
| 
| /* Override any GCC internal prototype to avoid an error.
|    Use char because int might match the return type of a GCC
|    builtin and then its argument prototype would still apply.  */
| #ifdef __cplusplus
| extern "C"
| #endif
| char ATL_xerbla ();
| #ifdef F77_DUMMY_MAIN
| 
| #  ifdef __cplusplus
|      extern "C"
| #  endif
|    int F77_DUMMY_MAIN() { return 1; }
| 
| #endif
| int
| main ()
| {
| return ATL_xerbla ();
|   ;
|   return 0;
| }
configure:18035: result: no
configure:18145: checking for sgemm_ in -Wl,-framework -Wl,vecLib
configure:18173: gcc -o conftest -O3 -g -Wall -Werror-implicit-function-declaration -Wstrict-prototypes -Wmissing-prototypes -Wmissing-declarations   conftest.c -Wl,-framework -Wl,vecLib -lm   -L/usr/lib64/gcc/x86_64-slackware-linux/5.5.0 -L/usr/lib64/gcc/x86_64-slackware-linux/5.5.0/../../../../lib64 -L/lib/../lib64 -L/usr/lib/../lib64 -L/usr/lib64/gcc/x86_64-slackware-linux/5.5.0/../../../../x86_64-slackware-linux/lib -L/usr/lib64/gcc/x86_64-slackware-linux/5.5.0/../../.. -lgfortran -lm -lquadmath >&5
conftest.c:40:1: warning: function declaration isn't a prototype [-Wstrict-prototypes]
 char sgemm_ ();
 ^
conftest.c:50:1: warning: function declaration isn't a prototype [-Wstrict-prototypes]
 main ()
 ^
/usr/lib64/gcc/x86_64-slackware-linux/5.5.0/../../../../x86_64-slackware-linux/bin/ld: -f may not be used without -shared
collect2: error: ld returned 1 exit status
configure:18173: $? = 1
configure: failed program was:
| /* confdefs.h */
| #define PACKAGE_NAME "sqt"
| #define PACKAGE_TARNAME "sqt"
| #define PACKAGE_VERSION "0.1"
| #define PACKAGE_STRING "sqt 0.1"
| #define PACKAGE_BUGREPORT ""
| #define PACKAGE_URL ""
| #define PACKAGE "sqt"
| #define VERSION "0.1"
| #define SQT_MAJOR_VERSION 0
| #define SQT_MINOR_VERSION 1
| #define SQT_MICRO_VERSION 0
| #define SQT_INTERFACE_AGE 0
| #define SQT_BINARY_AGE 0
| #define STDC_HEADERS 1
| #define HAVE_SYS_TYPES_H 1
| #define HAVE_SYS_STAT_H 1
| #define HAVE_STDLIB_H 1
| #define HAVE_STRING_H 1
| #define HAVE_MEMORY_H 1
| #define HAVE_STRINGS_H 1
| #define HAVE_INTTYPES_H 1
| #define HAVE_STDINT_H 1
| #define HAVE_UNISTD_H 1
| #define HAVE_DLFCN_H 1
| #define LT_OBJDIR ".libs/"
| #define STDC_HEADERS 1
| #define HAVE_AVX_INSTRUCTIONS 1
| #define HAVE_LIBM 1
| #define F77_FUNC(name,NAME) name ## _
| #define F77_FUNC_(name,NAME) name ## _
| /* end confdefs.h.  */
| 
| /* Override any GCC internal prototype to avoid an error.
|    Use char because int might match the return type of a GCC
|    builtin and then its argument prototype would still apply.  */
| #ifdef __cplusplus
| extern "C"
| #endif
| char sgemm_ ();
| #ifdef F77_DUMMY_MAIN
| 
| #  ifdef __cplusplus
|      extern "C"
| #  endif
|    int F77_DUMMY_MAIN() { return 1; }
| 
| #endif
| int
| main ()
| {
| return sgemm_ ();
|   ;
|   return 0;
| }
configure:18180: result: no
configure:18188: checking for sgemm_ in -lblas
configure:18221: gcc -o conftest -O3 -g -Wall -Werror-implicit-function-declaration -Wstrict-prototypes -Wmissing-prototypes -Wmissing-declarations   conftest.c -lblas  -lm   -L/usr/lib64/gcc/x86_64-slackware-linux/5.5.0 -L/usr/lib64/gcc/x86_64-slackware-linux/5.5.0/../../../../lib64 -L/lib/../lib64 -L/usr/lib/../lib64 -L/usr/lib64/gcc/x86_64-slackware-linux/5.5.0/../../../../x86_64-slackware-linux/lib -L/usr/lib64/gcc/x86_64-slackware-linux/5.5.0/../../.. -lgfortran -lm -lquadmath >&5
conftest.c:40:1: warning: function declaration isn't a prototype [-Wstrict-prototypes]
 char sgemm_ ();
 ^
conftest.c:50:1: warning: function declaration isn't a prototype [-Wstrict-prototypes]
 main ()
 ^
configure:18221: $? = 0
configure:18231: result: yes
configure:18235: checking for dgemm_ in -ldgemm
configure:18268: gcc -o conftest -O3 -g -Wall -Werror-implicit-function-declaration -Wstrict-prototypes -Wmissing-prototypes -Wmissing-declarations   conftest.c -ldgemm -lblas -lm   -L/usr/lib64/gcc/x86_64-slackware-linux/5.5.0 -L/usr/lib64/gcc/x86_64-slackware-linux/5.5.0/../../../../lib64 -L/lib/../lib64 -L/usr/lib/../lib64 -L/usr/lib64/gcc/x86_64-slackware-linux/5.5.0/../../../../x86_64-slackware-linux/lib -L/usr/lib64/gcc/x86_64-slackware-linux/5.5.0/../../.. -lgfortran -lm -lquadmath >&5
conftest.c:40:1: warning: function declaration isn't a prototype [-Wstrict-prototypes]
 char dgemm_ ();
 ^
conftest.c:50:1: warning: function declaration isn't a prototype [-Wstrict-prototypes]
 main ()
 ^
/usr/lib64/gcc/x86_64-slackware-linux/5.5.0/../../../../x86_64-slackware-linux/bin/ld: cannot find -ldgemm
collect2: error: ld returned 1 exit status
configure:18268: $? = 1
configure: failed program was:
| /* confdefs.h */
| #define PACKAGE_NAME "sqt"
| #define PACKAGE_TARNAME "sqt"
| #define PACKAGE_VERSION "0.1"
| #define PACKAGE_STRING "sqt 0.1"
| #define PACKAGE_BUGREPORT ""
| #define PACKAGE_URL ""
| #define PACKAGE "sqt"
| #define VERSION "0.1"
| #define SQT_MAJOR_VERSION 0
| #define SQT_MINOR_VERSION 1
| #define SQT_MICRO_VERSION 0
| #define SQT_INTERFACE_AGE 0
| #define SQT_BINARY_AGE 0
| #define STDC_HEADERS 1
| #define HAVE_SYS_TYPES_H 1
| #define HAVE_SYS_STAT_H 1
| #define HAVE_STDLIB_H 1
| #define HAVE_STRING_H 1
| #define HAVE_MEMORY_H 1
| #define HAVE_STRINGS_H 1
| #define HAVE_INTTYPES_H 1
| #define HAVE_STDINT_H 1
| #define HAVE_UNISTD_H 1
| #define HAVE_DLFCN_H 1
| #define LT_OBJDIR ".libs/"
| #define STDC_HEADERS 1
| #define HAVE_AVX_INSTRUCTIONS 1
| #define HAVE_LIBM 1
| #define F77_FUNC(name,NAME) name ## _
| #define F77_FUNC_(name,NAME) name ## _
| /* end confdefs.h.  */
| 
| /* Override any GCC internal prototype to avoid an error.
|    Use char because int might match the return type of a GCC
|    builtin and then its argument prototype would still apply.  */
| #ifdef __cplusplus
| extern "C"
| #endif
| char dgemm_ ();
| #ifdef F77_DUMMY_MAIN
| 
| #  ifdef __cplusplus
|      extern "C"
| #  endif
|    int F77_DUMMY_MAIN() { return 1; }
| 
| #endif
| int
| main ()
| {
| return dgemm_ ();
|   ;
|   return 0;
| }
configure:18278: result: no
configure:18340: checking for sgemm_ in -lcxml
configure:18373: gcc -o conftest -O3 -g -Wall -Werror-implicit-function-declaration -Wstrict-prototypes -Wmissing-prototypes -Wmissing-declarations   conftest.c -lcxml  -lm   -L/usr/lib64/gcc/x86_64-slackware-linux/5.5.0 -L/usr/lib64/gcc/x86_64-slackware-linux/5.5.0/../../../../lib64 -L/lib/../lib64 -L/usr/lib/../lib64 -L/usr/lib64/gcc/x86_64-slackware-linux/5.5.0/../../../../x86_64-slackware-linux/lib -L/usr/lib64/gcc/x86_64-slackware-linux/5.5.0/../../.. -lgfortran -lm -lquadmath >&5
conftest.c:40:1: warning: function declaration isn't a prototype [-Wstrict-prototypes]
 char sgemm_ ();
 ^
conftest.c:50:1: warning: function declaration isn't a prototype [-Wstrict-prototypes]
 main ()
 ^
/usr/lib64/gcc/x86_64-slackware-linux/5.5.0/../../../../x86_64-slackware-linux/bin/ld: cannot find -lcxml
collect2: error: ld returned 1 exit status
configure:18373: $? = 1
configure: failed program was:
| /* confdefs.h */
| #define PACKAGE_NAME "sqt"
| #define PACKAGE_TARNAME "sqt"
| #define PACKAGE_VERSION "0.1"
| #define PACKAGE_STRING "sqt 0.1"
| #define PACKAGE_BUGREPORT ""
| #define PACKAGE_URL ""
| #define PACKAGE "sqt"
| #define VERSION "0.1"
| #define SQT_MAJOR_VERSION 0
| #define SQT_MINOR_VERSION 1
| #define SQT_MICRO_VERSION 0
| #define SQT_INTERFACE_AGE 0
| #define SQT_BINARY_AGE 0
| #define STDC_HEADERS 1
| #define HAVE_SYS_TYPES_H 1
| #define HAVE_SYS_STAT_H 1
| #define HAVE_STDLIB_H 1
| #define HAVE_STRING_H 1
| #define HAVE_MEMORY_H 1
| #define HAVE_STRINGS_H 1
| #define HAVE_INTTYPES_H 1
| #define HAVE_STDINT_H 1
| #define HAVE_UNISTD_H 1
| #define HAVE_DLFCN_H 1
| #define LT_OBJDIR ".libs/"
| #define STDC_HEADERS 1
| #define HAVE_AVX_INSTRUCTIONS 1
| #define HAVE_LIBM 1
| #define F77_FUNC(name,NAME) name ## _
| #define F77_FUNC_(name,NAME) name ## _
| /* end confdefs.h.  */
| 
| /* Override any GCC internal prototype to avoid an error.
|    Use char because int might match the return type of a GCC
|    builtin and then its argument prototype would still apply.  */
| #ifdef __cplusplus
| extern "C"
| #endif
| char sgemm_ ();
| #ifdef F77_DUMMY_MAIN
| 
| #  ifdef __cplusplus
|      extern "C"
| #  endif
|    int F77_DUMMY_MAIN() { return 1; }
| 
| #endif
| int
| main ()
| {
| return sgemm_ ();
|   ;
|   return 0;
| }
configure:18383: result: no
configure:18394: checking for sgemm_ in -ldxml
configure:18427: gcc -o conftest -O3 -g -Wall -Werror-implicit-function-declaration -Wstrict-prototypes -Wmissing-prototypes -Wmissing-declarations   conftest.c -ldxml  -lm   -L/usr/lib64/gcc/x86_64-slackware-linux/5.5.0 -L/usr/lib64/gcc/x86_64-slackware-linux/5.5.0/../../../../lib64 -L/lib/../lib64 -L/usr/lib/../lib64 -L/usr/lib64/gcc/x86_64-slackware-linux/5.5.0/../../../../x86_64-slackware-linux/lib -L/usr/lib64/gcc/x86_64-slackware-linux/5.5.0/../../.. -lgfortran -lm -lquadmath >&5
conftest.c:40:1: warning: function declaration isn't a prototype [-Wstrict-prototypes]
 char sgemm_ ();
 ^
conftest.c:50:1: warning: function declaration isn't a prototype [-Wstrict-prototypes]
 main ()
 ^
/usr/lib64/gcc/x86_64-slackware-linux/5.5.0/../../../../x86_64-slackware-linux/bin/ld: cannot find -ldxml
collect2: error: ld returned 1 exit status
configure:18427: $? = 1
configure: failed program was:
| /* confdefs.h */
| #define PACKAGE_NAME "sqt"
| #define PACKAGE_TARNAME "sqt"
| #define PACKAGE_VERSION "0.1"
| #define PACKAGE_STRING "sqt 0.1"
| #define PACKAGE_BUGREPORT ""
| #define PACKAGE_URL ""
| #define PACKAGE "sqt"
| #define VERSION "0.1"
| #define SQT_MAJOR_VERSION 0
| #define SQT_MINOR_VERSION 1
| #define SQT_MICRO_VERSION 0
| #define SQT_INTERFACE_AGE 0
| #define SQT_BINARY_AGE 0
| #define STDC_HEADERS 1
| #define HAVE_SYS_TYPES_H 1
| #define HAVE_SYS_STAT_H 1
| #define HAVE_STDLIB_H 1
| #define HAVE_STRING_H 1
| #define HAVE_MEMORY_H 1
| #define HAVE_STRINGS_H 1
| #define HAVE_INTTYPES_H 1
| #define HAVE_STDINT_H 1
| #define HAVE_UNISTD_H 1
| #define HAVE_DLFCN_H 1
| #define LT_OBJDIR ".libs/"
| #define STDC_HEADERS 1
| #define HAVE_AVX_INSTRUCTIONS 1
| #define HAVE_LIBM 1
| #define F77_FUNC(name,NAME) name ## _
| #define F77_FUNC_(name,NAME) name ## _
| /* end confdefs.h.  */
| 
| /* Override any GCC internal prototype to avoid an error.
|    Use char because int might match the return type of a GCC
|    builtin and then its argument prototype would still apply.  */
| #ifdef __cplusplus
| extern "C"
| #endif
| char sgemm_ ();
| #ifdef F77_DUMMY_MAIN
| 
| #  ifdef __cplusplus
|      extern "C"
| #  endif
|    int F77_DUMMY_MAIN() { return 1; }
| 
| #endif
| int
| main ()
| {
| return sgemm_ ();
|   ;
|   return 0;
| }
configure:18437: result: no
configure:18552: checking for sgemm_ in -lscs
configure:18585: gcc -o conftest -O3 -g -Wall -Werror-implicit-function-declaration -Wstrict-prototypes -Wmissing-prototypes -Wmissing-declarations   conftest.c -lscs  -lm   -L/usr/lib64/gcc/x86_64-slackware-linux/5.5.0 -L/usr/lib64/gcc/x86_64-slackware-linux/5.5.0/../../../../lib64 -L/lib/../lib64 -L/usr/lib/../lib64 -L/usr/lib64/gcc/x86_64-slackware-linux/5.5.0/../../../../x86_64-slackware-linux/lib -L/usr/lib64/gcc/x86_64-slackware-linux/5.5.0/../../.. -lgfortran -lm -lquadmath >&5
conftest.c:40:1: warning: function declaration isn't a prototype [-Wstrict-prototypes]
 char sgemm_ ();
 ^
conftest.c:50:1: warning: function declaration isn't a prototype [-Wstrict-prototypes]
 main ()
 ^
/usr/lib64/gcc/x86_64-slackware-linux/5.5.0/../../../../x86_64-slackware-linux/bin/ld: cannot find -lscs
collect2: error: ld returned 1 exit status
configure:18585: $? = 1
configure: failed program was:
| /* confdefs.h */
| #define PACKAGE_NAME "sqt"
| #define PACKAGE_TARNAME "sqt"
| #define PACKAGE_VERSION "0.1"
| #define PACKAGE_STRING "sqt 0.1"
| #define PACKAGE_BUGREPORT ""
| #define PACKAGE_URL ""
| #define PACKAGE "sqt"
| #define VERSION "0.1"
| #define SQT_MAJOR_VERSION 0
| #define SQT_MINOR_VERSION 1
| #define SQT_MICRO_VERSION 0
| #define SQT_INTERFACE_AGE 0
| #define SQT_BINARY_AGE 0
| #define STDC_HEADERS 1
| #define HAVE_SYS_TYPES_H 1
| #define HAVE_SYS_STAT_H 1
| #define HAVE_STDLIB_H 1
| #define HAVE_STRING_H 1
| #define HAVE_MEMORY_H 1
| #define HAVE_STRINGS_H 1
| #define HAVE_INTTYPES_H 1
| #define HAVE_STDINT_H 1
| #define HAVE_UNISTD_H 1
| #define HAVE_DLFCN_H 1
| #define LT_OBJDIR ".libs/"
| #define STDC_HEADERS 1
| #define HAVE_AVX_INSTRUCTIONS 1
| #define HAVE_LIBM 1
| #define F77_FUNC(name,NAME) name ## _
| #define F77_FUNC_(name,NAME) name ## _
| /* end confdefs.h.  */
| 
| /* Override any GCC internal prototype to avoid an error.
|    Use char because int might match the return type of a GCC
|    builtin and then its argument prototype would still apply.  */
| #ifdef __cplusplus
| extern "C"
| #endif
| char sgemm_ ();
| #ifdef F77_DUMMY_MAIN
| 
| #  ifdef __cplusplus
|      extern "C"
| #  endif
|    int F77_DUMMY_MAIN() { return 1; }
| 
| #endif
| int
| main ()
| {
| return sgemm_ ();
|   ;
|   return 0;
| }
configure:18595: result: no
configure:18606: checking for sgemm_ in -lcomplib.sgimath
configure:18639: gcc -o conftest -O3 -g -Wall -Werror-implicit-function-declaration -Wstrict-prototypes -Wmissing-prototypes -Wmissing-declarations   conftest.c -lcomplib.sgimath  -lm   -L/usr/lib64/gcc/x86_64-slackware-linux/5.5.0 -L/usr/lib64/gcc/x86_64-slackware-linux/5.5.0/../../../../lib64 -L/lib/../lib64 -L/usr/lib/../lib64 -L/usr/lib64/gcc/x86_64-slackware-linux/5.5.0/../../../../x86_64-slackware-linux/lib -L/usr/lib64/gcc/x86_64-slackware-linux/5.5.0/../../.. -lgfortran -lm -lquadmath >&5
conftest.c:40:1: warning: function declaration isn't a prototype [-Wstrict-prototypes]
 char sgemm_ ();
 ^
conftest.c:50:1: warning: function declaration isn't a prototype [-Wstrict-prototypes]
 main ()
 ^
/usr/lib64/gcc/x86_64-slackware-linux/5.5.0/../../../../x86_64-slackware-linux/bin/ld: cannot find -lcomplib.sgimath
collect2: error: ld returned 1 exit status
configure:18639: $? = 1
configure: failed program was:
| /* confdefs.h */
| #define PACKAGE_NAME "sqt"
| #define PACKAGE_TARNAME "sqt"
| #define PACKAGE_VERSION "0.1"
| #define PACKAGE_STRING "sqt 0.1"
| #define PACKAGE_BUGREPORT ""
| #define PACKAGE_URL ""
| #define PACKAGE "sqt"
| #define VERSION "0.1"
| #define SQT_MAJOR_VERSION 0
| #define SQT_MINOR_VERSION 1
| #define SQT_MICRO_VERSION 0
| #define SQT_INTERFACE_AGE 0
| #define SQT_BINARY_AGE 0
| #define STDC_HEADERS 1
| #define HAVE_SYS_TYPES_H 1
| #define HAVE_SYS_STAT_H 1
| #define HAVE_STDLIB_H 1
| #define HAVE_STRING_H 1
| #define HAVE_MEMORY_H 1
| #define HAVE_STRINGS_H 1
| #define HAVE_INTTYPES_H 1
| #define HAVE_STDINT_H 1
| #define HAVE_UNISTD_H 1
| #define HAVE_DLFCN_H 1
| #define LT_OBJDIR ".libs/"
| #define STDC_HEADERS 1
| #define HAVE_AVX_INSTRUCTIONS 1
| #define HAVE_LIBM 1
| #define F77_FUNC(name,NAME) name ## _
| #define F77_FUNC_(name,NAME) name ## _
| /* end confdefs.h.  */
| 
| /* Override any GCC internal prototype to avoid an error.
|    Use char because int might match the return type of a GCC
|    builtin and then its argument prototype would still apply.  */
| #ifdef __cplusplus
| extern "C"
| #endif
| char sgemm_ ();
| #ifdef F77_DUMMY_MAIN
| 
| #  ifdef __cplusplus
|      extern "C"
| #  endif
|    int F77_DUMMY_MAIN() { return 1; }
| 
| #endif
| int
| main ()
| {
| return sgemm_ ();
|   ;
|   return 0;
| }
configure:18649: result: no
configure:18660: checking for sgemm_ in -lblas
configure:18703: result: yes
configure:18707: checking for sgemm_ in -lessl
configure:18740: gcc -o conftest -O3 -g -Wall -Werror-implicit-function-declaration -Wstrict-prototypes -Wmissing-prototypes -Wmissing-declarations   conftest.c -lessl -lblas  -L/usr/lib64/gcc/x86_64-slackware-linux/5.5.0 -L/usr/lib64/gcc/x86_64-slackware-linux/5.5.0/../../../../lib64 -L/lib/../lib64 -L/usr/lib/../lib64 -L/usr/lib64/gcc/x86_64-slackware-linux/5.5.0/../../../../x86_64-slackware-linux/lib -L/usr/lib64/gcc/x86_64-slackware-linux/5.5.0/../../.. -lgfortran -lm -lquadmath -lm   -L/usr/lib64/gcc/x86_64-slackware-linux/5.5.0 -L/usr/lib64/gcc/x86_64-slackware-linux/5.5.0/../../../../lib64 -L/lib/../lib64 -L/usr/lib/../lib64 -L/usr/lib64/gcc/x86_64-slackware-linux/5.5.0/../../../../x86_64-slackware-linux/lib -L/usr/lib64/gcc/x86_64-slackware-linux/5.5.0/../../.. -lgfortran -lm -lquadmath >&5
conftest.c:40:1: warning: function declaration isn't a prototype [-Wstrict-prototypes]
 char sgemm_ ();
 ^
conftest.c:50:1: warning: function declaration isn't a prototype [-Wstrict-prototypes]
 main ()
 ^
/usr/lib64/gcc/x86_64-slackware-linux/5.5.0/../../../../x86_64-slackware-linux/bin/ld: cannot find -lessl
collect2: error: ld returned 1 exit status
configure:18740: $? = 1
configure: failed program was:
| /* confdefs.h */
| #define PACKAGE_NAME "sqt"
| #define PACKAGE_TARNAME "sqt"
| #define PACKAGE_VERSION "0.1"
| #define PACKAGE_STRING "sqt 0.1"
| #define PACKAGE_BUGREPORT ""
| #define PACKAGE_URL ""
| #define PACKAGE "sqt"
| #define VERSION "0.1"
| #define SQT_MAJOR_VERSION 0
| #define SQT_MINOR_VERSION 1
| #define SQT_MICRO_VERSION 0
| #define SQT_INTERFACE_AGE 0
| #define SQT_BINARY_AGE 0
| #define STDC_HEADERS 1
| #define HAVE_SYS_TYPES_H 1
| #define HAVE_SYS_STAT_H 1
| #define HAVE_STDLIB_H 1
| #define HAVE_STRING_H 1
| #define HAVE_MEMORY_H 1
| #define HAVE_STRINGS_H 1
| #define HAVE_INTTYPES_H 1
| #define HAVE_STDINT_H 1
| #define HAVE_UNISTD_H 1
| #define HAVE_DLFCN_H 1
| #define LT_OBJDIR ".libs/"
| #define STDC_HEADERS 1
| #define HAVE_AVX_INSTRUCTIONS 1
| #define HAVE_LIBM 1
| #define F77_FUNC(name,NAME) name ## _
| #define F77_FUNC_(name,NAME) name ## _
| /* end confdefs.h.  */
| 
| /* Override any GCC internal prototype to avoid an error.
|    Use char because int might match the return type of a GCC
|    builtin and then its argument prototype would still apply.  */
| #ifdef __cplusplus
| extern "C"
| #endif
| char sgemm_ ();
| #ifdef F77_DUMMY_MAIN
| 
| #  ifdef __cplusplus
|      extern "C"
| #  endif
|    int F77_DUMMY_MAIN() { return 1; }
| 
| #endif
| int
| main ()
| {
| return sgemm_ ();
|   ;
|   return 0;
| }
configure:18750: result: no
configure:18763: checking for sgemm_ in -lblas
configure:18806: result: yes
configure:18931: checking for cheev_
configure:18931: gcc -o conftest -O3 -g -Wall -Werror-implicit-function-declaration -Wstrict-prototypes -Wmissing-prototypes -Wmissing-declarations   conftest.c -lm  -lblas  -L/usr/lib64/gcc/x86_64-slackware-linux/5.5.0 -L/usr/lib64/gcc/x86_64-slackware-linux/5.5.0/../../../../lib64 -L/lib/../lib64 -L/usr/lib/../lib64 -L/usr/lib64/gcc/x86_64-slackware-linux/5.5.0/../../../../x86_64-slackware-linux/lib -L/usr/lib64/gcc/x86_64-slackware-linux/5.5.0/../../.. -lgfortran -lm -lquadmath >&5
conftest.c:57:1: warning: function declaration isn't a prototype [-Wstrict-prototypes]
 char cheev_ ();
 ^
conftest.c:66:1: warning: function declaration isn't a prototype [-Wstrict-prototypes]
 main ()
 ^
configure:18931: $? = 0
configure:18931: result: yes
configure:19148: checking that generated files are newer than configure
configure:19154: result: done
configure:19181: creating ./config.status

## ---------------------- ##
## Running config.status. ##
## ---------------------- ##

This file was extended by sqt config.status 0.1, which was
generated by GNU Autoconf 2.69.  Invocation command line was

  CONFIG_FILES    = 
  CONFIG_HEADERS  = 
  CONFIG_LINKS    = 
  CONFIG_COMMANDS = 
  $ ./config.status 

on michael

config.status:1182: creating Makefile
config.status:1182: creating src/Makefile
config.status:1182: creating src/sqt-config
config.status:1182: creating tests/Makefile
config.status:1182: creating doc/Makefile
config.status:1182: creating doc/html/Makefile
config.status:1182: creating config.h
config.status:1363: config.h is unchanged
config.status:1411: executing depfiles commands
config.status:1411: executing libtool commands

## ---------------- ##
## Cache variables. ##
## ---------------- ##

ac_cv_build=x86_64-unknown-linux-gnu
ac_cv_c_compiler_gnu=yes
ac_cv_env_CC_set=
ac_cv_env_CC_value=
ac_cv_env_CFLAGS_set=set
ac_cv_env_CFLAGS_value='-O3 -g'
ac_cv_env_CPPFLAGS_set=
ac_cv_env_CPPFLAGS_value=
ac_cv_env_CPP_set=
ac_cv_env_CPP_value=
ac_cv_env_F77_set=
ac_cv_env_F77_value=
ac_cv_env_FFLAGS_set=
ac_cv_env_FFLAGS_value=
ac_cv_env_LDFLAGS_set=
ac_cv_env_LDFLAGS_value=
ac_cv_env_LIBS_set=
ac_cv_env_LIBS_value=
ac_cv_env_LT_SYS_LIBRARY_PATH_set=
ac_cv_env_LT_SYS_LIBRARY_PATH_value=
ac_cv_env_PKG_CONFIG_LIBDIR_set=
ac_cv_env_PKG_CONFIG_LIBDIR_value=
ac_cv_env_PKG_CONFIG_PATH_set=set
ac_cv_env_PKG_CONFIG_PATH_value=/usr/local/lib/pkgconfig:/usr/local/lib64/pkgconfig:/usr/local/share/pkgconfig:/usr/lib64/pkgconfig:/usr/share/pkgconfig:/usr/local/lib/pkgconfig:/usr/local/lib64/pkgconfig:/usr/local/share/pkgconfig
ac_cv_env_PKG_CONFIG_set=
ac_cv_env_PKG_CONFIG_value=
ac_cv_env_build_alias_set=
ac_cv_env_build_alias_value=
ac_cv_env_host_alias_set=
ac_cv_env_host_alias_value=
ac_cv_env_target_alias_set=
ac_cv_env_target_alias_value=
ac_cv_f77_compiler_gnu=yes
ac_cv_f77_dummy_main=none
ac_cv_f77_libs=' -L/usr/lib64/gcc/x86_64-slackware-linux/5.5.0 -L/usr/lib64/gcc/x86_64-slackware-linux/5.5.0/../../../../lib64 -L/lib/../lib64 -L/usr/lib/../lib64 -L/usr/lib64/gcc/x86_64-slackware-linux/5.5.0/../../../../x86_64-slackware-linux/lib -L/usr/lib64/gcc/x86_64-slackware-linux/5.5.0/../../.. -lgfortran -lm -lquadmath'
ac_cv_f77_mangling='lower case, underscore, no extra underscore'
ac_cv_fortran_dummy_main=none
ac_cv_func_cheev_=yes
ac_cv_func_sgemm_=no
ac_cv_header_dlfcn_h=yes
ac_cv_header_inttypes_h=yes
ac_cv_header_memory_h=yes
ac_cv_header_stdc=yes
ac_cv_header_stdint_h=yes
ac_cv_header_stdlib_h=yes
ac_cv_header_string_h=yes
ac_cv_header_strings_h=yes
ac_cv_header_sys_stat_h=yes
ac_cv_header_sys_types_h=yes
ac_cv_header_unistd_h=yes
ac_cv_host=x86_64-unknown-linux-gnu
ac_cv_lib_atlas_ATL_xerbla=no
ac_cv_lib_blas_sgemm_=yes
ac_cv_lib_complib_sgimath_sgemm_=no
ac_cv_lib_cxml_sgemm_=no
ac_cv_lib_dgemm_dgemm_=no
ac_cv_lib_dxml_sgemm_=no
ac_cv_lib_essl_sgemm_=no
ac_cv_lib_m_cos=yes
ac_cv_lib_scs_sgemm_=no
ac_cv_objext=o
ac_cv_path_EGREP='/usr/bin/grep -E'
ac_cv_path_FGREP='/usr/bin/grep -F'
ac_cv_path_GREP=/usr/bin/grep
ac_cv_path_SED=/usr/bin/sed
ac_cv_path_ac_pt_PKG_CONFIG=/usr/bin/pkg-config
ac_cv_path_install='/usr/bin/ginstall -c'
ac_cv_path_lt_DD=/usr/bin/dd
ac_cv_path_mkdir=/usr/bin/mkdir
ac_cv_prog_AWK=gawk
ac_cv_prog_CPP='gcc -E'
ac_cv_prog_ac_ct_AR=ar
ac_cv_prog_ac_ct_CC=gcc
ac_cv_prog_ac_ct_DLLTOOL=dlltool
ac_cv_prog_ac_ct_F77=g77
ac_cv_prog_ac_ct_MANIFEST_TOOL=mt
ac_cv_prog_ac_ct_OBJDUMP=objdump
ac_cv_prog_ac_ct_RANLIB=ranlib
ac_cv_prog_ac_ct_STRIP=strip
ac_cv_prog_c_openmp=-fopenmp
ac_cv_prog_cc_c89=
ac_cv_prog_cc_g=yes
ac_cv_prog_f77_g=yes
ac_cv_prog_f77_v=-v
ac_cv_prog_make_make_set=yes
ac_cv_search_strerror='none required'
am_cv_CC_dependencies_compiler_type=gcc3
am_cv_make_support_nested_variables=yes
am_cv_prog_cc_c_o=yes
ax_cv_gcc_check_x86_cpu_init=yes
ax_cv_gcc_x86_cpu_supports_avx2=no
ax_cv_gcc_x86_cpu_supports_avx=yes
ax_cv_gcc_x86_cpu_supports_fma=no
lt_cv_ar_at_file=@
lt_cv_archive_cmds_need_lc=no
lt_cv_deplibs_check_method=pass_all
lt_cv_file_magic_cmd='$MAGIC_CMD'
lt_cv_file_magic_test_file=
lt_cv_ld_reload_flag=-r
lt_cv_nm_interface='BSD nm'
lt_cv_objdir=.libs
lt_cv_path_LD=/usr/x86_64-slackware-linux/bin/ld
lt_cv_path_NM='/usr/bin/nm -B'
lt_cv_path_mainfest_tool=no
lt_cv_prog_compiler_c_o=yes
lt_cv_prog_compiler_c_o_F77=yes
lt_cv_prog_compiler_pic='-fPIC -DPIC'
lt_cv_prog_compiler_pic_F77=-fPIC
lt_cv_prog_compiler_pic_works=yes
lt_cv_prog_compiler_pic_works_F77=yes
lt_cv_prog_compiler_rtti_exceptions=no
lt_cv_prog_compiler_static_works=yes
lt_cv_prog_compiler_static_works_F77=yes
lt_cv_prog_gnu_ld=yes
lt_cv_sharedlib_from_linklib_cmd='printf %s\n'
lt_cv_shlibpath_overrides_runpath=no
lt_cv_sys_global_symbol_pipe='sed -n -e '\''s/^.*[	 ]\([ABCDGIRSTW][ABCDGIRSTW]*\)[	 ][	 ]*\([_A-Za-z][_A-Za-z0-9]*\)$/\1 \2 \2/p'\'' | sed '\''/ __gnu_lto/d'\'''
lt_cv_sys_global_symbol_to_c_name_address='sed -n -e '\''s/^: \(.*\) .*$/  {"\1", (void *) 0},/p'\'' -e '\''s/^[ABCDGIRSTW][ABCDGIRSTW]* .* \(.*\)$/  {"\1", (void *) \&\1},/p'\'''
lt_cv_sys_global_symbol_to_c_name_address_lib_prefix='sed -n -e '\''s/^: \(.*\) .*$/  {"\1", (void *) 0},/p'\'' -e '\''s/^[ABCDGIRSTW][ABCDGIRSTW]* .* \(lib.*\)$/  {"\1", (void *) \&\1},/p'\'' -e '\''s/^[ABCDGIRSTW][ABCDGIRSTW]* .* \(.*\)$/  {"lib\1", (void *) \&\1},/p'\'''
lt_cv_sys_global_symbol_to_cdecl='sed -n -e '\''s/^T .* \(.*\)$/extern int \1();/p'\'' -e '\''s/^[ABCDGIRSTW][ABCDGIRSTW]* .* \(.*\)$/extern char \1;/p'\'''
lt_cv_sys_global_symbol_to_import=
lt_cv_sys_max_cmd_len=1572864
lt_cv_to_host_file_cmd=func_convert_file_noop
lt_cv_to_tool_file_cmd=func_convert_file_noop
lt_cv_truncate_bin='/usr/bin/dd bs=4096 count=1'

## ----------------- ##
## Output variables. ##
## ----------------- ##

ACLOCAL='${SHELL} /home/michael/Codes/Libraries/sqt/missing aclocal-1.15'
AMDEPBACKSLASH='\'
AMDEP_FALSE='#'
AMDEP_TRUE=''
AMTAR='$${TAR-tar}'
AM_BACKSLASH='\'
AM_DEFAULT_V='$(AM_DEFAULT_VERBOSITY)'
AM_DEFAULT_VERBOSITY='1'
AM_V='$(V)'
AR='ar'
AUTOCONF='${SHELL} /home/michael/Codes/Libraries/sqt/missing autoconf'
AUTOHEADER='${SHELL} /home/michael/Codes/Libraries/sqt/missing autoheader'
AUTOMAKE='${SHELL} /home/michael/Codes/Libraries/sqt/missing automake-1.15'
AWK='gawk'
BLAS_LIBS='-lblas'
CC='gcc'
CCDEPMODE='depmode=gcc3'
CFLAGS='-O3 -g -Wall -Werror-implicit-function-declaration -Wstrict-prototypes -Wmissing-prototypes -Wmissing-declarations -fopenmp  -mavx -I/usr/include/glib-2.0 -I/usr/lib64/glib-2.0/include'
CPP='gcc -E'
CPPFLAGS=''
CYGPATH_W='echo'
DEFS='-DHAVE_CONFIG_H'
DEPDIR='.deps'
DLLTOOL='dlltool'
DSYMUTIL=''
DUMPBIN=''
ECHO_C=''
ECHO_N='-n'
ECHO_T=''
EGREP='/usr/bin/grep -E'
EXEEXT=''
F77='g77'
FFLAGS='-g -O2'
FGREP='/usr/bin/grep -F'
FLIBS=' -L/usr/lib64/gcc/x86_64-slackware-linux/5.5.0 -L/usr/lib64/gcc/x86_64-slackware-linux/5.5.0/../../../../lib64 -L/lib/../lib64 -L/usr/lib/../lib64 -L/usr/lib64/gcc/x86_64-slackware-linux/5.5.0/../../../../x86_64-slackware-linux/lib -L/usr/lib64/gcc/x86_64-slackware-linux/5.5.0/../../.. -lgfortran -lm -lquadmath'
GLIB_CFLAGS='-pthread -I/usr/include/glib-2.0 -I/usr/lib64/glib-2.0/include'
GLIB_COMPILE_RESOURCES='glib-compile-resources'
GLIB_CONFIG=''
GLIB_GENMARSHAL='glib-genmarshal'
GLIB_LIBS='-lglib-2.0'
GLIB_MKENUMS='glib-mkenums'
GOBJECT_QUERY='gobject-query'
GREP='/usr/bin/grep'
INSTALL_DATA='${INSTALL} -m 644'
INSTALL_PROGRAM='${INSTALL}'
INSTALL_SCRIPT='${INSTALL}'
INSTALL_STRIP_PROGRAM='$(install_sh) -c -s'
LAPACK_LIBS=''
LD='/usr/x86_64-slackware-linux/bin/ld -m elf_x86_64'
LDFLAGS=' -lglib-2.0'
LIBOBJS=''
LIBS='-lglib-2.0  -lblas -lm   -L/usr/lib64/gcc/x86_64-slackware-linux/5.5.0 -L/usr/lib64/gcc/x86_64-slackware-linux/5.5.0/../../../../lib64 -L/lib/../lib64 -L/usr/lib/../lib64 -L/usr/lib64/gcc/x86_64-slackware-linux/5.5.0/../../../../x86_64-slackware-linux/lib -L/usr/lib64/gcc/x86_64-slackware-linux/5.5.0/../../.. -lgfortran -lm -lquadmath'
LIBTOOL='$(SHELL) $(top_builddir)/libtool'
LIPO=''
LN_S='ln -s'
LTLIBOBJS=''
LT_AGE='0'
LT_CURRENT='0'
LT_RELEASE='0.1'
LT_REVISION='0'
LT_SYS_LIBRARY_PATH=''
MAKEINFO='${SHELL} /home/michael/Codes/Libraries/sqt/missing makeinfo'
MANIFEST_TOOL=':'
MKDIR_P='/usr/bin/mkdir -p'
NM='/usr/bin/nm -B'
NMEDIT=''
OBJDUMP='objdump'
OBJEXT='o'
OPENMP_CFLAGS='-fopenmp'
OTOOL64=''
OTOOL=''
PACKAGE='sqt'
PACKAGE_BUGREPORT=''
PACKAGE_NAME='sqt'
PACKAGE_STRING='sqt 0.1'
PACKAGE_TARNAME='sqt'
PACKAGE_URL=''
PACKAGE_VERSION='0.1'
PATH_SEPARATOR=':'
PKG_CONFIG='/usr/bin/pkg-config'
PKG_CONFIG_LIBDIR=''
PKG_CONFIG_PATH='/usr/local/lib/pkgconfig:/usr/local/lib64/pkgconfig:/usr/local/share/pkgconfig:/usr/lib64/pkgconfig:/usr/share/pkgconfig:/usr/local/lib/pkgconfig:/usr/local/lib64/pkgconfig:/usr/local/share/pkgconfig'
RANLIB='ranlib'
SED='/usr/bin/sed'
SET_MAKE=''
SHELL='/bin/sh'
SQT_MAJOR_VERSION='0'
SQT_MICRO_VERSION='0'
SQT_MINOR_VERSION='1'
SQT_VERSION='0.1.0'
STRIP='strip'
VERSION='0.1'
ac_ct_AR='ar'
ac_ct_CC='gcc'
ac_ct_DUMPBIN=''
ac_ct_F77='g77'
am__EXEEXT_FALSE=''
am__EXEEXT_TRUE='#'
am__fastdepCC_FALSE='#'
am__fastdepCC_TRUE=''
am__include='include'
am__isrc=''
am__leading_dot='.'
am__nodep='_no'
am__quote=''
am__tar='$${TAR-tar} chof - "$$tardir"'
am__untar='$${TAR-tar} xf -'
bindir='${exec_prefix}/bin'
blas_libs='-lblas'
build='x86_64-unknown-linux-gnu'
build_alias=''
build_cpu='x86_64'
build_os='linux-gnu'
build_vendor='unknown'
datadir='${datarootdir}'
datarootdir='${prefix}/share'
docdir='${datarootdir}/doc/${PACKAGE_TARNAME}'
dvidir='${docdir}'
exec_prefix='${prefix}'
host='x86_64-unknown-linux-gnu'
host_alias=''
host_cpu='x86_64'
host_os='linux-gnu'
host_vendor='unknown'
htmldir='${docdir}'
includedir='${prefix}/include'
infodir='${datarootdir}/info'
install_sh='${SHELL} /home/michael/Codes/Libraries/sqt/install-sh'
lapack_libs=''
libdir='${exec_prefix}/lib'
libexecdir='${exec_prefix}/libexec'
localedir='${datarootdir}/locale'
localstatedir='${prefix}/var'
mandir='${datarootdir}/man'
mkdir_p='$(MKDIR_P)'
oldincludedir='/usr/include'
pdfdir='${docdir}'
prefix='/home/michael/Codes'
program_transform_name='s,x,x,'
psdir='${docdir}'
sbindir='${exec_prefix}/sbin'
sharedstatedir='${prefix}/com'
sysconfdir='${prefix}/etc'
target_alias=''

## ----------- ##
## confdefs.h. ##
## ----------- ##

/* confdefs.h */
#define PACKAGE_NAME "sqt"
#define PACKAGE_TARNAME "sqt"
#define PACKAGE_VERSION "0.1"
#define PACKAGE_STRING "sqt 0.1"
#define PACKAGE_BUGREPORT ""
#define PACKAGE_URL ""
#define PACKAGE "sqt"
#define VERSION "0.1"
#define SQT_MAJOR_VERSION 0
#define SQT_MINOR_VERSION 1
#define SQT_MICRO_VERSION 0
#define SQT_INTERFACE_AGE 0
#define SQT_BINARY_AGE 0
#define STDC_HEADERS 1
#define HAVE_SYS_TYPES_H 1
#define HAVE_SYS_STAT_H 1
#define HAVE_STDLIB_H 1
#define HAVE_STRING_H 1
#define HAVE_MEMORY_H 1
#define HAVE_STRINGS_H 1
#define HAVE_INTTYPES_H 1
#define HAVE_STDINT_H 1
#define HAVE_UNISTD_H 1
#define HAVE_DLFCN_H 1
#define LT_OBJDIR ".libs/"
#define STDC_HEADERS 1
#define HAVE_AVX_INSTRUCTIONS 1
#define HAVE_LIBM 1
#define F77_FUNC(name,NAME) name ## _
#define F77_FUNC_(name,NAME) name ## _
#define HAVE_BLAS 1
#define HAVE_LAPACK 1

configure: exit 0

## ---------------------- ##
## Running config.status. ##
## ---------------------- ##

This file was extended by sqt config.status 0.1, which was
generated by GNU Autoconf 2.69.  Invocation command line was

  CONFIG_FILES    = 
  CONFIG_HEADERS  = 
  CONFIG_LINKS    = 
  CONFIG_COMMANDS = 
  $ ./config.status src/sqt-config

on michael

config.status:1182: creating src/sqt-config
